<?xml version="1.0" encoding="UTF-8"?>
<testsuite name="TestSuite" time="3.019" tests="3" errors="0" skipped="0" failures="3">
  <properties>
[...]
</properties>
  <testcase name="loginAsBankManager" classname="com.w2a.testcases.BankManagerLoginTest" time="1.844">
    <failure message="Login not succesfull" type="java.lang.AssertionError">java.lang.AssertionError: Login not succesfull
	at org.testng.Assert.fail(Assert.java:96)
	at com.w2a.testcases.BankManagerLoginTest.loginAsBankManager(BankManagerLoginTest.java:21)
</failure>
    <system-err><![CDATA[Starting ChromeDriver 98.0.4758.102 (273bf7ac8c909cde36982d27f66f3c70846a3718-refs/branch-heads/4758@{#1151}) on port 24699
Only local connections are allowed.
Please see https://chromedriver.chromium.org/security-considerations for suggestions on keeping ChromeDriver safe.
ChromeDriver was started successfully.
Feb 28, 2022 7:20:41 PM org.openqa.selenium.remote.ProtocolHandshake createSession
INFO: Detected dialect: W3C
]]></system-err>
  </testcase>
  <testcase name="addCustomer" classname="com.w2a.testcases.AddCustomerTest" time="1.175">
    <failure message="Customer not added successfully" type="java.lang.AssertionError">java.lang.AssertionError: Customer not added successfully
	at org.testng.Assert.fail(Assert.java:96)
	at com.w2a.testcases.AddCustomerTest.addCustomer(AddCustomerTest.java:33)
</failure>
  </testcase>
  <testcase name="addCustomer" classname="com.w2a.testcases.AddCustomerTest" time="0.694">
    <failure message="Customer not added successfully" type="java.lang.AssertionError">java.lang.AssertionError: Customer not added successfully
	at org.testng.Assert.fail(Assert.java:96)
	at com.w2a.testcases.AddCustomerTest.addCustomer(AddCustomerTest.java:33)
</failure>
  </testcase>
</testsuite>