<?xml version="1.0" encoding="UTF-8"?>
<testsuite name="TestSuite" time="3.446" tests="6" errors="0" skipped="1" failures="0">
  <properties>
[...]
</properties>
  <testcase name="bankManagerLoginTest" classname="com.w2a.testcases.BankManagerLoginTest" time="2.472"/>
  <testcase name="addCustomerTest" classname="com.w2a.testcases.AddCustomerTest" time="0.974"/>
  <testcase name="addCustomerTest" classname="com.w2a.testcases.AddCustomerTest" time="0.397"/>
  <testcase name="addCustomerTest" classname="com.w2a.testcases.AddCustomerTest" time="0.368"/>
  <testcase name="addCustomerTest" classname="com.w2a.testcases.AddCustomerTest" time="0.353"/>
  <testcase name="openAccountTest" classname="com.w2a.testcases.OpenAccountTest" time="0">
    <skipped/>
    <system-out><![CDATA[number of rows are: 4
BankManagerLoginTest
AddCustomerTest
OpenAccountTest
Runmode is: N
]]></system-out>
  </testcase>
</testsuite>