<?xml version="1.0" encoding="UTF-8"?>
<testng-results ignored="0" total="6" passed="5" failed="0" skipped="1">
  <reporter-output>
  </reporter-output>
  <suite started-at="2022-03-01T15:46:56Z" name="Data Driven Basics" finished-at="2022-03-01T15:47:00Z" duration-ms="4865">
    <groups>
    </groups>
    <test started-at="2022-03-01T15:46:56Z" name="Bank Manager Login Test" finished-at="2022-03-01T15:46:58Z" duration-ms="2497">
      <class name="com.w2a.testcases.BankManagerLoginTest">
        <test-method signature="bankManagerLoginTest()[pri:0, instance:com.w2a.testcases.BankManagerLoginTest@4ae9cfc1]" started-at="2022-03-01T15:46:56Z" name="bankManagerLoginTest" finished-at="2022-03-01T15:46:58Z" duration-ms="2450" status="PASS">
          <reporter-output>
          </reporter-output>
        </test-method> <!-- bankManagerLoginTest -->
      </class> <!-- com.w2a.testcases.BankManagerLoginTest -->
    </test> <!-- Bank Manager Login Test -->
    <test started-at="2022-03-01T15:46:59Z" name="Add Customer Test" finished-at="2022-03-01T15:47:00Z" duration-ms="1859">
      <class name="com.w2a.testcases.AddCustomerTest">
        <test-method signature="addCustomerTest(java.util.Hashtable)[pri:0, instance:com.w2a.testcases.AddCustomerTest@1e097d59]" started-at="2022-03-01T15:46:59Z" name="addCustomerTest" data-provider="dp" finished-at="2022-03-01T15:46:59Z" duration-ms="674" status="PASS">
          <params>
            <param index="0">
              <value>
                <![CDATA[{alerttext=Customer added successfully, postcode=411033.0, lastname=thopate, firstname=sandip}]]>
              </value>
            </param>
          </params>
          <reporter-output>
          </reporter-output>
        </test-method> <!-- addCustomerTest -->
        <test-method signature="addCustomerTest(java.util.Hashtable)[pri:0, instance:com.w2a.testcases.AddCustomerTest@1e097d59]" started-at="2022-03-01T15:46:59Z" name="addCustomerTest" data-provider="dp" finished-at="2022-03-01T15:47:00Z" duration-ms="436" status="PASS">
          <params>
            <param index="0">
              <value>
                <![CDATA[{alerttext=Customer added successfully, postcode=411034.0, lastname=sahu, firstname=vishal}]]>
              </value>
            </param>
          </params>
          <reporter-output>
          </reporter-output>
        </test-method> <!-- addCustomerTest -->
        <test-method signature="addCustomerTest(java.util.Hashtable)[pri:0, instance:com.w2a.testcases.AddCustomerTest@1e097d59]" started-at="2022-03-01T15:47:00Z" name="addCustomerTest" data-provider="dp" finished-at="2022-03-01T15:47:00Z" duration-ms="395" status="PASS">
          <params>
            <param index="0">
              <value>
                <![CDATA[{alerttext=Customer added successfully, postcode=412303.0, lastname=thopate, firstname=vicky}]]>
              </value>
            </param>
          </params>
          <reporter-output>
          </reporter-output>
        </test-method> <!-- addCustomerTest -->
        <test-method signature="addCustomerTest(java.util.Hashtable)[pri:0, instance:com.w2a.testcases.AddCustomerTest@1e097d59]" started-at="2022-03-01T15:47:00Z" name="addCustomerTest" data-provider="dp" finished-at="2022-03-01T15:47:00Z" duration-ms="323" status="PASS">
          <params>
            <param index="0">
              <value>
                <![CDATA[{alerttext=Customer added successfully, postcode=412301.0, lastname=yadav, firstname=gaurav}]]>
              </value>
            </param>
          </params>
          <reporter-output>
          </reporter-output>
        </test-method> <!-- addCustomerTest -->
      </class> <!-- com.w2a.testcases.AddCustomerTest -->
    </test> <!-- Add Customer Test -->
    <test started-at="2022-03-01T15:47:00Z" name="Open Account Test" finished-at="2022-03-01T15:47:00Z" duration-ms="8">
      <class name="com.w2a.testcases.OpenAccountTest">
        <test-method is-config="true" signature="setUP()[pri:0, instance:com.w2a.testcases.OpenAccountTest@58326051]" started-at="2022-03-01T15:46:53Z" name="setUP" finished-at="2022-03-01T15:46:56Z" duration-ms="2326" status="PASS">
          <reporter-output>
          </reporter-output>
        </test-method> <!-- setUP -->
        <test-method signature="openAccountTest(java.util.Hashtable)[pri:0, instance:com.w2a.testcases.OpenAccountTest@58326051]" started-at="2022-03-01T15:47:00Z" name="openAccountTest" data-provider="dp" finished-at="2022-03-01T15:47:00Z" duration-ms="8" status="SKIP">
          <params>
            <param index="0">
              <value>
                <![CDATA[{currency=Rupee, customer=sandip thopate}]]>
              </value>
            </param>
          </params>
          <exception class="org.testng.SkipException">
            <message>
              <![CDATA[Skipping the test: openAccountTest as runmode is set to NO]]>
            </message>
            <full-stacktrace>
              <![CDATA[org.testng.SkipException: Skipping the test: openAccountTest as runmode is set to NO
at com.w2a.listeners.CustomListeners.onTestStart(CustomListeners.java:20)
at org.testng.internal.TestListenerHelper.runTestListeners(TestListenerHelper.java:73)
at org.testng.internal.Invoker.runTestListeners(Invoker.java:1389)
at org.testng.internal.Invoker.invokeMethod(Invoker.java:559)
at org.testng.internal.Invoker.invokeTestMethod(Invoker.java:719)
at org.testng.internal.Invoker.invokeTestMethods(Invoker.java:989)
at org.testng.internal.TestMethodWorker.invokeTestMethods(TestMethodWorker.java:125)
at org.testng.internal.TestMethodWorker.run(TestMethodWorker.java:109)
at org.testng.TestRunner.privateRun(TestRunner.java:648)
at org.testng.TestRunner.run(TestRunner.java:505)
at org.testng.SuiteRunner.runTest(SuiteRunner.java:455)
at org.testng.SuiteRunner.runSequentially(SuiteRunner.java:450)
at org.testng.SuiteRunner.privateRun(SuiteRunner.java:415)
at org.testng.SuiteRunner.run(SuiteRunner.java:364)
at org.testng.SuiteRunnerWorker.runSuite(SuiteRunnerWorker.java:52)
at org.testng.SuiteRunnerWorker.run(SuiteRunnerWorker.java:84)
at org.testng.TestNG.runSuitesSequentially(TestNG.java:1208)
at org.testng.TestNG.runSuitesLocally(TestNG.java:1137)
at org.testng.TestNG.runSuites(TestNG.java:1049)
at org.testng.TestNG.run(TestNG.java:1017)
at org.apache.maven.surefire.testng.TestNGExecutor.run(TestNGExecutor.java:295)
at org.apache.maven.surefire.testng.TestNGXmlTestSuite.execute(TestNGXmlTestSuite.java:84)
at org.apache.maven.surefire.testng.TestNGProvider.invoke(TestNGProvider.java:90)
at org.apache.maven.surefire.booter.ForkedBooter.invokeProviderInSameClassLoader(ForkedBooter.java:203)
at org.apache.maven.surefire.booter.ForkedBooter.runSuitesInProcess(ForkedBooter.java:155)
at org.apache.maven.surefire.booter.ForkedBooter.main(ForkedBooter.java:103)
]]>
            </full-stacktrace>
          </exception> <!-- org.testng.SkipException -->
          <reporter-output>
          </reporter-output>
        </test-method> <!-- openAccountTest -->
        <test-method is-config="true" signature="tearDown()[pri:0, instance:com.w2a.testcases.OpenAccountTest@58326051]" started-at="2022-03-01T15:47:01Z" name="tearDown" finished-at="2022-03-01T15:47:01Z" duration-ms="205" status="PASS">
          <reporter-output>
          </reporter-output>
        </test-method> <!-- tearDown -->
      </class> <!-- com.w2a.testcases.OpenAccountTest -->
    </test> <!-- Open Account Test -->
  </suite> <!-- Data Driven Basics -->
</testng-results>
