<?xml version="1.0" encoding="UTF-8"?>
<!-- Generated by org.testng.reporters.JUnitXMLReporter -->
<testsuite ignored="0" hostname="Sandy" failures="1" tests="1" name="Bank Manager Login Test" time="1.914" errors="0" timestamp="28 Feb 2022 16:09:07 GMT">
  <testcase classname="com.w2a.testcases.BankManagerLoginTest" name="loginAsBankManager" time="1.131">
    <failure type="java.lang.AssertionError" message="Login not succesfull">
      <![CDATA[java.lang.AssertionError: Login not succesfull
at com.w2a.testcases.BankManagerLoginTest.loginAsBankManager(BankManagerLoginTest.java:22)
... Removed 26 stack frames]]>
    </failure>
  </testcase> <!-- loginAsBankManager -->
</testsuite> <!-- Bank Manager Login Test -->
