<?xml version="1.0" encoding="UTF-8"?>
<!-- Generated by org.testng.reporters.JUnitXMLReporter -->
<testsuite ignored="0" hostname="Sandy" failures="1" tests="1" name="LoginTest" time="2.146" errors="0" timestamp="26 Feb 2022 20:45:05 GMT">
  <testcase classname="com.w2a.testcases.LoginTest" name="loginAsBankManager" time="2.128">
    <failure type="java.lang.AssertionError" message="login not successful expected [true] but found [false]">
      <![CDATA[java.lang.AssertionError: login not successful expected [true] but found [false]
at com.w2a.testcases.LoginTest.loginAsBankManager(LoginTest.java:18)
... Removed 28 stack frames]]>
    </failure>
  </testcase> <!-- loginAsBankManager -->
</testsuite> <!-- LoginTest -->
