<?xml version="1.0" encoding="UTF-8"?>
<testng-results ignored="0" total="1" passed="1" failed="0" skipped="0">
  <reporter-output>
  </reporter-output>
  <suite started-at="2022-02-26T17:23:37Z" name="Data Driven Basics" finished-at="2022-02-26T17:23:39Z" duration-ms="2166">
    <groups>
    </groups>
    <test started-at="2022-02-26T17:23:37Z" name="LoginTest" finished-at="2022-02-26T17:23:39Z" duration-ms="2166">
      <class name="com.w2a.testcases.LoginTest">
        <test-method is-config="true" signature="setUP()[pri:0, instance:com.w2a.testcases.LoginTest@45018215]" started-at="2022-02-26T17:23:30Z" name="setUP" finished-at="2022-02-26T17:23:37Z" duration-ms="7679" status="PASS">
          <reporter-output>
          </reporter-output>
        </test-method> <!-- setUP -->
        <test-method signature="loginAsBankManager()[pri:0, instance:com.w2a.testcases.LoginTest@45018215]" started-at="2022-02-26T17:23:37Z" name="loginAsBankManager" finished-at="2022-02-26T17:23:39Z" duration-ms="2151" status="PASS">
          <reporter-output>
          </reporter-output>
        </test-method> <!-- loginAsBankManager -->
        <test-method is-config="true" signature="tearDown()[pri:0, instance:com.w2a.testcases.LoginTest@45018215]" started-at="2022-02-26T17:23:39Z" name="tearDown" finished-at="2022-02-26T17:23:41Z" duration-ms="1271" status="PASS">
          <reporter-output>
          </reporter-output>
        </test-method> <!-- tearDown -->
      </class> <!-- com.w2a.testcases.LoginTest -->
    </test> <!-- LoginTest -->
  </suite> <!-- Data Driven Basics -->
</testng-results>
