<?xml version="1.0" encoding="UTF-8"?>
<testsuite name="Add Customer Test"
           tests="4"
           failures="0"
           errors="0"
           skipped="0"
           time="2.093">
  <properties />
  
  
            <testcase name="addCustomerTest" time="0.397" classname="com.w2a.testcases.AddCustomerTest" />
                <testcase name="addCustomerTest" time="0.974" classname="com.w2a.testcases.AddCustomerTest" />
                <testcase name="addCustomerTest" time="0.368" classname="com.w2a.testcases.AddCustomerTest" />
                <testcase name="addCustomerTest" time="0.354" classname="com.w2a.testcases.AddCustomerTest" />
      
</testsuite>
